[debug] [2021-06-18T12:56:14.311Z] ----------------------------------------------------------------------
[debug] [2021-06-18T12:56:14.312Z] Command:       /usr/local/Cellar/node/16.2.0/bin/node /usr/local/bin/firebase deploy --only hosting
[debug] [2021-06-18T12:56:14.312Z] CLI Version:   9.10.2
[debug] [2021-06-18T12:56:14.312Z] Platform:      darwin
[debug] [2021-06-18T12:56:14.312Z] Node Version:  v16.2.0
[debug] [2021-06-18T12:56:14.313Z] Time:          Fri Jun 18 2021 20:56:14 GMT+0800 (Central Indonesia Time)
[debug] [2021-06-18T12:56:14.313Z] ----------------------------------------------------------------------
[debug] 
[debug] [2021-06-18T12:56:14.322Z] > command requires scopes: ["email","openid","https://www.googleapis.com/auth/cloudplatformprojects.readonly","https://www.googleapis.com/auth/firebase","https://www.googleapis.com/auth/cloud-platform"]
[debug] [2021-06-18T12:56:14.322Z] > authorizing via signed-in user (singular.purity@gmail.com)
[debug] [2021-06-18T12:56:14.322Z] [iam] checking project project-moonshot-web for permissions ["firebase.projects.get","firebasehosting.sites.update"]
[debug] [2021-06-18T12:56:14.324Z] > refreshing access token with scopes: ["email","https://www.googleapis.com/auth/cloud-platform","https://www.googleapis.com/auth/cloudplatformprojects.readonly","https://www.googleapis.com/auth/firebase","openid"]
[debug] [2021-06-18T12:56:14.325Z] >>> HTTP REQUEST POST https://www.googleapis.com/oauth2/v3/token  
 <request body omitted>
[debug] [2021-06-18T12:56:14.495Z] <<< HTTP RESPONSE 200 {"pragma":"no-cache","cache-control":"no-cache, no-store, max-age=0, must-revalidate","date":"Fri, 18 Jun 2021 12:56:14 GMT","expires":"Mon, 01 Jan 1990 00:00:00 GMT","content-type":"application/json; charset=utf-8","vary":"X-Origin, Referer, Origin,Accept-Encoding","server":"scaffolding on HTTPServer2","x-xss-protection":"0","x-frame-options":"SAMEORIGIN","x-content-type-options":"nosniff","alt-svc":"h3=\":443\"; ma=2592000,h3-29=\":443\"; ma=2592000,h3-T051=\":443\"; ma=2592000,h3-Q050=\":443\"; ma=2592000,h3-Q046=\":443\"; ma=2592000,h3-Q043=\":443\"; ma=2592000,quic=\":443\"; ma=2592000; v=\"46,43\"","accept-ranges":"none","transfer-encoding":"chunked"}
[debug] [2021-06-18T12:56:14.550Z] >>> HTTP REQUEST POST https://cloudresourcemanager.googleapis.com/v1/projects/project-moonshot-web:testIamPermissions  
 {"permissions":["firebase.projects.get","firebasehosting.sites.update"]}
[debug] [2021-06-18T12:56:15.743Z] <<< HTTP RESPONSE 200 {"content-type":"application/json; charset=UTF-8","vary":"X-Origin, Referer, Origin,Accept-Encoding","date":"Fri, 18 Jun 2021 12:56:15 GMT","server":"ESF","cache-control":"private","x-xss-protection":"0","x-frame-options":"SAMEORIGIN","x-content-type-options":"nosniff","server-timing":"gfet4t7; dur=1028","alt-svc":"h3=\":443\"; ma=2592000,h3-29=\":443\"; ma=2592000,h3-T051=\":443\"; ma=2592000,h3-Q050=\":443\"; ma=2592000,h3-Q046=\":443\"; ma=2592000,h3-Q043=\":443\"; ma=2592000,quic=\":443\"; ma=2592000; v=\"46,43\"","accept-ranges":"none","transfer-encoding":"chunked"}
[debug] [2021-06-18T12:56:15.744Z] > refreshing access token with scopes: []
[debug] [2021-06-18T12:56:15.745Z] >>> HTTP REQUEST POST https://www.googleapis.com/oauth2/v3/token  
 <request body omitted>
[debug] [2021-06-18T12:56:15.877Z] <<< HTTP RESPONSE 200 {"cache-control":"no-cache, no-store, max-age=0, must-revalidate","expires":"Mon, 01 Jan 1990 00:00:00 GMT","date":"Fri, 18 Jun 2021 12:56:15 GMT","pragma":"no-cache","content-type":"application/json; charset=utf-8","vary":"X-Origin, Referer, Origin,Accept-Encoding","server":"scaffolding on HTTPServer2","x-xss-protection":"0","x-frame-options":"SAMEORIGIN","x-content-type-options":"nosniff","alt-svc":"h3=\":443\"; ma=2592000,h3-29=\":443\"; ma=2592000,h3-T051=\":443\"; ma=2592000,h3-Q050=\":443\"; ma=2592000,h3-Q046=\":443\"; ma=2592000,h3-Q043=\":443\"; ma=2592000,quic=\":443\"; ma=2592000; v=\"46,43\"","accept-ranges":"none","transfer-encoding":"chunked"}
[debug] [2021-06-18T12:56:15.934Z] >>> [apiv2][query] GET https://firebase.googleapis.com/v1beta1/projects/project-moonshot-web [none]
[debug] [2021-06-18T12:56:16.318Z] <<< [apiv2][status] GET https://firebase.googleapis.com/v1beta1/projects/project-moonshot-web 200
[debug] [2021-06-18T12:56:16.318Z] <<< [apiv2][body] GET https://firebase.googleapis.com/v1beta1/projects/project-moonshot-web {"projectId":"project-moonshot-web","projectNumber":"986357861210","displayName":"project-moonshot-web","name":"projects/project-moonshot-web","resources":{"hostingSite":"project-moonshot-web"},"state":"ACTIVE"}
[info] 
[info] === Deploying to 'project-moonshot-web'...
[info] 
[info] i  deploying hosting 
[debug] [2021-06-18T12:56:16.322Z] > refreshing access token with scopes: ["email","https://www.googleapis.com/auth/cloud-platform","https://www.googleapis.com/auth/cloudplatformprojects.readonly","https://www.googleapis.com/auth/firebase","openid"]
[debug] [2021-06-18T12:56:16.322Z] >>> HTTP REQUEST POST https://www.googleapis.com/oauth2/v3/token  
 <request body omitted>
[debug] [2021-06-18T12:56:16.459Z] <<< HTTP RESPONSE 200 {"date":"Fri, 18 Jun 2021 12:56:16 GMT","cache-control":"no-cache, no-store, max-age=0, must-revalidate","pragma":"no-cache","expires":"Mon, 01 Jan 1990 00:00:00 GMT","content-type":"application/json; charset=utf-8","vary":"X-Origin, Referer, Origin,Accept-Encoding","server":"scaffolding on HTTPServer2","x-xss-protection":"0","x-frame-options":"SAMEORIGIN","x-content-type-options":"nosniff","alt-svc":"h3=\":443\"; ma=2592000,h3-29=\":443\"; ma=2592000,h3-T051=\":443\"; ma=2592000,h3-Q050=\":443\"; ma=2592000,h3-Q046=\":443\"; ma=2592000,h3-Q043=\":443\"; ma=2592000,quic=\":443\"; ma=2592000; v=\"46,43\"","accept-ranges":"none","transfer-encoding":"chunked"}
[debug] [2021-06-18T12:56:16.513Z] >>> HTTP REQUEST POST https://firebasehosting.googleapis.com/v1beta1/sites/project-moonshot-web/versions  
 {"config":{},"labels":{"deployment-tool":"cli-firebase"}}
[debug] [2021-06-18T12:56:18.091Z] <<< HTTP RESPONSE 200 {"content-type":"application/json; charset=UTF-8","vary":"X-Origin, Referer, Origin,Accept-Encoding","date":"Fri, 18 Jun 2021 12:56:18 GMT","server":"ESF","cache-control":"private","x-xss-protection":"0","x-frame-options":"SAMEORIGIN","x-content-type-options":"nosniff","alt-svc":"h3=\":443\"; ma=2592000,h3-29=\":443\"; ma=2592000,h3-T051=\":443\"; ma=2592000,h3-Q050=\":443\"; ma=2592000,h3-Q046=\":443\"; ma=2592000,h3-Q043=\":443\"; ma=2592000,quic=\":443\"; ma=2592000; v=\"46,43\"","accept-ranges":"none","transfer-encoding":"chunked"}
[info] i  hosting[project-moonshot-web]: beginning deploy... 
[info] i  hosting[project-moonshot-web]: found 258 files in dist/moonshot-web 
